This is pdfTeX, Version 3.14159265-2.6-1.40.18 (TeX Live 2017/Debian) (preloaded format=pdflatex 2018.10.12)  6 MAR 2019 20:41
entering extended mode
 restricted \write18 enabled.
 %&-line parsing enabled.
**HW2.tex
(./HW2.tex
LaTeX2e <2017-04-15>
Babel <3.18> and hyphenation patterns for 3 language(s) loaded.
(/usr/share/texlive/texmf-dist/tex/latex/base/article.cls
Document Class: article 2014/09/29 v1.4h Standard LaTeX document class
(/usr/share/texlive/texmf-dist/tex/latex/base/size10.clo
File: size10.clo 2014/09/29 v1.4h Standard LaTeX file (size option)
)
\c@part=\count79
\c@section=\count80
\c@subsection=\count81
\c@subsubsection=\count82
\c@paragraph=\count83
\c@subparagraph=\count84
\c@figure=\count85
\c@table=\count86
\abovecaptionskip=\skip41
\belowcaptionskip=\skip42
\bibindent=\dimen102
)
(/usr/share/texlive/texmf-dist/tex/latex/geometry/geometry.sty
Package: geometry 2010/09/12 v5.6 Page Geometry

(/usr/share/texlive/texmf-dist/tex/latex/graphics/keyval.sty
Package: keyval 2014/10/28 v1.15 key=value parser (DPC)
\KV@toks@=\toks14
)
(/usr/share/texlive/texmf-dist/tex/generic/oberdiek/ifpdf.sty
Package: ifpdf 2017/03/15 v3.2 Provides the ifpdf switch
)
(/usr/share/texlive/texmf-dist/tex/generic/oberdiek/ifvtex.sty
Package: ifvtex 2016/05/16 v1.6 Detect VTeX and its facilities (HO)
Package ifvtex Info: VTeX not detected.
)
(/usr/share/texlive/texmf-dist/tex/generic/ifxetex/ifxetex.sty
Package: ifxetex 2010/09/12 v0.6 Provides ifxetex conditional
)
\Gm@cnth=\count87
\Gm@cntv=\count88
\c@Gm@tempcnt=\count89
\Gm@bindingoffset=\dimen103
\Gm@wd@mp=\dimen104
\Gm@odd@mp=\dimen105
\Gm@even@mp=\dimen106
\Gm@layoutwidth=\dimen107
\Gm@layoutheight=\dimen108
\Gm@layouthoffset=\dimen109
\Gm@layoutvoffset=\dimen110
\Gm@dimlist=\toks15
)
(/usr/share/texlive/texmf-dist/tex/latex/amsfonts/amssymb.sty
Package: amssymb 2013/01/14 v3.01 AMS font symbols

(/usr/share/texlive/texmf-dist/tex/latex/amsfonts/amsfonts.sty
Package: amsfonts 2013/01/14 v3.01 Basic AMSFonts support
\@emptytoks=\toks16
\symAMSa=\mathgroup4
\symAMSb=\mathgroup5
LaTeX Font Info:    Overwriting math alphabet `\mathfrak' in version `bold'
(Font)                  U/euf/m/n --> U/euf/b/n on input line 106.
))
(/usr/share/texlive/texmf-dist/tex/latex/amsmath/amsmath.sty
Package: amsmath 2017/09/02 v2.17a AMS math features
\@mathmargin=\skip43

For additional information on amsmath, use the `?' option.
(/usr/share/texlive/texmf-dist/tex/latex/amsmath/amstext.sty
Package: amstext 2000/06/29 v2.01 AMS text

(/usr/share/texlive/texmf-dist/tex/latex/amsmath/amsgen.sty
File: amsgen.sty 1999/11/30 v2.0 generic functions
\@emptytoks=\toks17
\ex@=\dimen111
))
(/usr/share/texlive/texmf-dist/tex/latex/amsmath/amsbsy.sty
Package: amsbsy 1999/11/29 v1.2d Bold Symbols
\pmbraise@=\dimen112
)
(/usr/share/texlive/texmf-dist/tex/latex/amsmath/amsopn.sty
Package: amsopn 2016/03/08 v2.02 operator names
)
\inf@bad=\count90
LaTeX Info: Redefining \frac on input line 213.
\uproot@=\count91
\leftroot@=\count92
LaTeX Info: Redefining \overline on input line 375.
\classnum@=\count93
\DOTSCASE@=\count94
LaTeX Info: Redefining \ldots on input line 472.
LaTeX Info: Redefining \dots on input line 475.
LaTeX Info: Redefining \cdots on input line 596.
\Mathstrutbox@=\box26
\strutbox@=\box27
\big@size=\dimen113
LaTeX Font Info:    Redeclaring font encoding OML on input line 712.
LaTeX Font Info:    Redeclaring font encoding OMS on input line 713.
\macc@depth=\count95
\c@MaxMatrixCols=\count96
\dotsspace@=\muskip10
\c@parentequation=\count97
\dspbrk@lvl=\count98
\tag@help=\toks18
\row@=\count99
\column@=\count100
\maxfields@=\count101
\andhelp@=\toks19
\eqnshift@=\dimen114
\alignsep@=\dimen115
\tagshift@=\dimen116
\tagwidth@=\dimen117
\totwidth@=\dimen118
\lineht@=\dimen119
\@envbody=\toks20
\multlinegap=\skip44
\multlinetaggap=\skip45
\mathdisplay@stack=\toks21
LaTeX Info: Redefining \[ on input line 2817.
LaTeX Info: Redefining \] on input line 2818.
)
(/usr/share/texlive/texmf-dist/tex/latex/graphics/graphicx.sty
Package: graphicx 2017/06/01 v1.1a Enhanced LaTeX Graphics (DPC,SPQR)

(/usr/share/texlive/texmf-dist/tex/latex/graphics/graphics.sty
Package: graphics 2017/06/25 v1.2c Standard LaTeX Graphics (DPC,SPQR)

(/usr/share/texlive/texmf-dist/tex/latex/graphics/trig.sty
Package: trig 2016/01/03 v1.10 sin cos tan (DPC)
)
(/usr/share/texlive/texmf-dist/tex/latex/graphics-cfg/graphics.cfg
File: graphics.cfg 2016/06/04 v1.11 sample graphics configuration
)
Package graphics Info: Driver file: pdftex.def on input line 99.

(/usr/share/texlive/texmf-dist/tex/latex/graphics-def/pdftex.def
File: pdftex.def 2018/01/08 v1.0l Graphics/color driver for pdftex
))
\Gin@req@height=\dimen120
\Gin@req@width=\dimen121
)
(/usr/share/texlive/texmf-dist/tex/latex/float/float.sty
Package: float 2001/11/08 v1.3d Float enhancements (AL)
\c@float@type=\count102
\float@exts=\toks22
\float@box=\box28
\@float@everytoks=\toks23
\@floatcapt=\box29
)
(/usr/share/texlive/texmf-dist/tex/latex/listings/listings.sty
\lst@mode=\count103
\lst@gtempboxa=\box30
\lst@token=\toks24
\lst@length=\count104
\lst@currlwidth=\dimen122
\lst@column=\count105
\lst@pos=\count106
\lst@lostspace=\dimen123
\lst@width=\dimen124
\lst@newlines=\count107
\lst@lineno=\count108
\lst@maxwidth=\dimen125

(/usr/share/texlive/texmf-dist/tex/latex/listings/lstmisc.sty
File: lstmisc.sty 2015/06/04 1.6 (Carsten Heinz)
\c@lstnumber=\count109
\lst@skipnumbers=\count110
\lst@framebox=\box31
)
(/usr/share/texlive/texmf-dist/tex/latex/listings/listings.cfg
File: listings.cfg 2015/06/04 1.6 listings configuration
))
Package: listings 2015/06/04 1.6 (Carsten Heinz)
 (./HW2.aux)
\openout1 = `HW2.aux'.

LaTeX Font Info:    Checking defaults for OML/cmm/m/it on input line 29.
LaTeX Font Info:    ... okay on input line 29.
LaTeX Font Info:    Checking defaults for T1/cmr/m/n on input line 29.
LaTeX Font Info:    ... okay on input line 29.
LaTeX Font Info:    Checking defaults for OT1/cmr/m/n on input line 29.
LaTeX Font Info:    ... okay on input line 29.
LaTeX Font Info:    Checking defaults for OMS/cmsy/m/n on input line 29.
LaTeX Font Info:    ... okay on input line 29.
LaTeX Font Info:    Checking defaults for OMX/cmex/m/n on input line 29.
LaTeX Font Info:    ... okay on input line 29.
LaTeX Font Info:    Checking defaults for U/cmr/m/n on input line 29.
LaTeX Font Info:    ... okay on input line 29.

*geometry* driver: auto-detecting
*geometry* detected driver: pdftex
*geometry* verbose mode - [ preamble ] result:
* driver: pdftex
* paper: <default>
* layout: <same size as paper>
* layoutoffset:(h,v)=(0.0pt,0.0pt)
* modes: 
* h-part:(L,W,R)=(36.135pt, 542.02501pt, 36.135pt)
* v-part:(T,H,B)=(36.135pt, 722.7pt, 36.135pt)
* \paperwidth=614.295pt
* \paperheight=794.96999pt
* \textwidth=542.02501pt
* \textheight=722.7pt
* \oddsidemargin=-36.135pt
* \evensidemargin=-36.135pt
* \topmargin=-73.135pt
* \headheight=12.0pt
* \headsep=25.0pt
* \topskip=10.0pt
* \footskip=30.0pt
* \marginparwidth=65.0pt
* \marginparsep=11.0pt
* \columnsep=10.0pt
* \skip\footins=9.0pt plus 4.0pt minus 2.0pt
* \hoffset=0.0pt
* \voffset=0.0pt
* \mag=1000
* \@twocolumnfalse
* \@twosidefalse
* \@mparswitchfalse
* \@reversemarginfalse
* (1in=72.27pt=25.4mm, 1cm=28.453pt)

(/usr/share/texlive/texmf-dist/tex/context/base/mkii/supp-pdf.mkii
[Loading MPS to PDF converter (version 2006.09.02).]
\scratchcounter=\count111
\scratchdimen=\dimen126
\scratchbox=\box32
\nofMPsegments=\count112
\nofMParguments=\count113
\everyMPshowfont=\toks25
\MPscratchCnt=\count114
\MPscratchDim=\dimen127
\MPnumerator=\count115
\makeMPintoPDFobject=\count116
\everyMPtoPDFconversion=\toks26
) (/usr/share/texlive/texmf-dist/tex/latex/oberdiek/epstopdf-base.sty
Package: epstopdf-base 2016/05/15 v2.6 Base part for package epstopdf

(/usr/share/texlive/texmf-dist/tex/generic/oberdiek/infwarerr.sty
Package: infwarerr 2016/05/16 v1.4 Providing info/warning/error messages (HO)
)
(/usr/share/texlive/texmf-dist/tex/latex/oberdiek/grfext.sty
Package: grfext 2016/05/16 v1.2 Manage graphics extensions (HO)

(/usr/share/texlive/texmf-dist/tex/generic/oberdiek/kvdefinekeys.sty
Package: kvdefinekeys 2016/05/16 v1.4 Define keys (HO)

(/usr/share/texlive/texmf-dist/tex/generic/oberdiek/ltxcmds.sty
Package: ltxcmds 2016/05/16 v1.23 LaTeX kernel commands for general use (HO)
)))
(/usr/share/texlive/texmf-dist/tex/latex/oberdiek/kvoptions.sty
Package: kvoptions 2016/05/16 v3.12 Key value format for package options (HO)

(/usr/share/texlive/texmf-dist/tex/generic/oberdiek/kvsetkeys.sty
Package: kvsetkeys 2016/05/16 v1.17 Key value parser (HO)

(/usr/share/texlive/texmf-dist/tex/generic/oberdiek/etexcmds.sty
Package: etexcmds 2016/05/16 v1.6 Avoid name clashes with e-TeX commands (HO)

(/usr/share/texlive/texmf-dist/tex/generic/oberdiek/ifluatex.sty
Package: ifluatex 2016/05/16 v1.4 Provides the ifluatex switch (HO)
Package ifluatex Info: LuaTeX not detected.
)
Package etexcmds Info: Could not find \expanded.
(etexcmds)             That can mean that you are not using pdfTeX 1.50 or
(etexcmds)             that some package has redefined \expanded.
(etexcmds)             In the latter case, load this package earlier.
)))
(/usr/share/texlive/texmf-dist/tex/generic/oberdiek/pdftexcmds.sty
Package: pdftexcmds 2018/01/21 v0.26 Utility functions of pdfTeX for LuaTeX (HO
)
Package pdftexcmds Info: LuaTeX not detected.
Package pdftexcmds Info: \pdf@primitive is available.
Package pdftexcmds Info: \pdf@ifprimitive is available.
Package pdftexcmds Info: \pdfdraftmode found.
)
Package epstopdf-base Info: Redefining graphics rule for `.eps' on input line 4
38.
Package grfext Info: Graphics extension search list:
(grfext)             [.pdf,.png,.jpg,.mps,.jpeg,.jbig2,.jb2,.PDF,.PNG,.JPG,.JPE
G,.JBIG2,.JB2,.eps]
(grfext)             \AppendGraphicsExtensions on input line 456.

(/usr/share/texlive/texmf-dist/tex/latex/latexconfig/epstopdf-sys.cfg
File: epstopdf-sys.cfg 2010/07/13 v1.3 Configuration of (r)epstopdf for TeX Liv
e
))
\c@lstlisting=\count117
<./P1/sorted.png, id=1, 510.90875pt x 440.64626pt>
File: ./P1/sorted.png Graphic file (type png)
<use ./P1/sorted.png>
Package pdftex.def Info: ./P1/sorted.png  used on input line 61.
(pdftex.def)             Requested size: 255.45375pt x 220.32259pt.
LaTeX Font Info:    Try loading font information for U+msa on input line 73.

(/usr/share/texlive/texmf-dist/tex/latex/amsfonts/umsa.fd
File: umsa.fd 2013/01/14 v3.01 AMS symbols A
)
LaTeX Font Info:    Try loading font information for U+msb on input line 73.

(/usr/share/texlive/texmf-dist/tex/latex/amsfonts/umsb.fd
File: umsb.fd 2013/01/14 v3.01 AMS symbols B
)
LaTeX Font Info:    Try loading font information for OMS+cmr on input line 107.


(/usr/share/texlive/texmf-dist/tex/latex/base/omscmr.fd
File: omscmr.fd 2014/09/29 v2.5h Standard LaTeX font definitions
)
LaTeX Font Info:    Font shape `OMS/cmr/m/n' in size <10> not available
(Font)              Font shape `OMS/cmsy/m/n' tried instead on input line 107.
 [1

{/var/lib/texmf/fonts/map/pdftex/updmap/pdftex.map} <./P1/sorted.png>]
LaTeX Font Info:    Try loading font information for OML+cmr on input line 166.


(/usr/share/texlive/texmf-dist/tex/latex/base/omlcmr.fd
File: omlcmr.fd 2014/09/29 v2.5h Standard LaTeX font definitions
)
LaTeX Font Info:    Font shape `OML/cmr/m/n' in size <10> not available
(Font)              Font shape `OML/cmm/m/it' tried instead on input line 166.
 [2]
<./P11/1.png, id=14, 157.58875pt x 185.69376pt>
File: ./P11/1.png Graphic file (type png)
<use ./P11/1.png>
Package pdftex.def Info: ./P11/1.png  used on input line 303.
(pdftex.def)             Requested size: 78.79417pt x 92.84665pt.
<./P11/2.png, id=15, 152.57pt x 179.67125pt>
File: ./P11/2.png Graphic file (type png)
<use ./P11/2.png>
Package pdftex.def Info: ./P11/2.png  used on input line 304.
(pdftex.def)             Requested size: 76.2848pt x 89.83539pt.
<./P11/3.png, id=16, 151.56625pt x 177.66376pt>
File: ./P11/3.png Graphic file (type png)
<use ./P11/3.png>
Package pdftex.def Info: ./P11/3.png  used on input line 305.
(pdftex.def)             Requested size: 75.78293pt x 88.83165pt.
<./P11/4.png, id=17, 154.5775pt x 181.67876pt>
File: ./P11/4.png Graphic file (type png)
<use ./P11/4.png>
Package pdftex.def Info: ./P11/4.png  used on input line 306.
(pdftex.def)             Requested size: 77.28854pt x 90.83914pt.
<./P11/5.png, id=18, 152.57pt x 181.67876pt>
File: ./P11/5.png Graphic file (type png)
<use ./P11/5.png>
Package pdftex.def Info: ./P11/5.png  used on input line 307.
(pdftex.def)             Requested size: 76.2848pt x 90.83914pt.
<./P11/6.png, id=19, 152.57pt x 177.66376pt>
File: ./P11/6.png Graphic file (type png)
<use ./P11/6.png>
Package pdftex.def Info: ./P11/6.png  used on input line 308.
(pdftex.def)             Requested size: 76.2848pt x 88.83165pt.
<./P11/7.png, id=20, 153.57375pt x 176.66pt>
File: ./P11/7.png Graphic file (type png)
<use ./P11/7.png>
Package pdftex.def Info: ./P11/7.png  used on input line 309.
(pdftex.def)             Requested size: 76.78668pt x 88.32977pt.

Overfull \hbox (23.81502pt too wide) in paragraph at lines 303--310
[][] [] [] [] [] [] [] 
 []

[3]
<./P13/kruskals/1.png, id=25, 235.88126pt x 172.645pt>
File: ./P13/kruskals/1.png Graphic file (type png)
<use ./P13/kruskals/1.png>
Package pdftex.def Info: ./P13/kruskals/1.png  used on input line 340.
(pdftex.def)             Requested size: 117.94034pt x 86.32228pt.
<./P13/kruskals/2.png, id=26, 212.795pt x 146.5475pt>
File: ./P13/kruskals/2.png Graphic file (type png)
<use ./P13/kruskals/2.png>
Package pdftex.def Info: ./P13/kruskals/2.png  used on input line 344.
(pdftex.def)             Requested size: 106.39723pt x 73.27356pt.
<./P13/kruskals/3.png, id=27, 217.81375pt x 150.5625pt>
File: ./P13/kruskals/3.png Graphic file (type png)
<use ./P13/kruskals/3.png>
Package pdftex.def Info: ./P13/kruskals/3.png  used on input line 348.
(pdftex.def)             Requested size: 108.9066pt x 75.28105pt.
<./P13/kruskals/4.png, id=28, 232.87pt x 158.5925pt>
File: ./P13/kruskals/4.png Graphic file (type png)
<use ./P13/kruskals/4.png>
Package pdftex.def Info: ./P13/kruskals/4.png  used on input line 352.
(pdftex.def)             Requested size: 116.43471pt x 79.29604pt.
<./P13/kruskals/5.png, id=29, 206.7725pt x 145.54375pt>
File: ./P13/kruskals/5.png Graphic file (type png)
<use ./P13/kruskals/5.png>
Package pdftex.def Info: ./P13/kruskals/5.png  used on input line 356.
(pdftex.def)             Requested size: 103.38599pt x 72.77168pt.
 [4 <./P11/1.png> <./P11/2.png> <./P11/3.png> <./P11/4.png> <./P11/5.png> <./P1
1/6.png> <./P11/7.png> <./P13/kruskals/1.png> <./P13/kruskals/2.png> <./P13/kru
skals/3.png> <./P13/kruskals/4.png> <./P13/kruskals/5.png>]
<./P13/prims/0.png, id=33, 361.35pt x 220.825pt>
File: ./P13/prims/0.png Graphic file (type png)
<use ./P13/prims/0.png>
Package pdftex.def Info: ./P13/prims/0.png  used on input line 369.
(pdftex.def)             Requested size: 180.67456pt x 110.41222pt.
<./P13/prims/1.png, id=34, 363.3575pt x 216.81pt>
File: ./P13/prims/1.png Graphic file (type png)
<use ./P13/prims/1.png>
Package pdftex.def Info: ./P13/prims/1.png  used on input line 373.
(pdftex.def)             Requested size: 181.6783pt x 108.40472pt.
<./P13/prims/2.png, id=35, 365.365pt x 219.82124pt>
File: ./P13/prims/2.png Graphic file (type png)
<use ./P13/prims/2.png>
Package pdftex.def Info: ./P13/prims/2.png  used on input line 377.
(pdftex.def)             Requested size: 182.68205pt x 109.91034pt.
<./P13/prims/3.png, id=36, 373.395pt x 212.795pt>
File: ./P13/prims/3.png Graphic file (type png)
<use ./P13/prims/3.png>
Package pdftex.def Info: ./P13/prims/3.png  used on input line 381.
(pdftex.def)             Requested size: 186.69704pt x 106.39723pt.
<./P13/prims/4.png, id=37, 390.45876pt x 211.79124pt>
File: ./P13/prims/4.png Graphic file (type png)
<use ./P13/prims/4.png>
Package pdftex.def Info: ./P13/prims/4.png  used on input line 385.
(pdftex.def)             Requested size: 195.2289pt x 105.89536pt.
 [5 <./P13/prims/0.png> <./P13/prims/1.png> <./P13/prims/2.png> <./P13/prims/3.
png> <./P13/prims/4.png>]
<./P13/prims/5.png, id=41, 354.32375pt x 209.78375pt>
File: ./P13/prims/5.png Graphic file (type png)
<use ./P13/prims/5.png>
Package pdftex.def Info: ./P13/prims/5.png  used on input line 390.
(pdftex.def)             Requested size: 177.16144pt x 104.8916pt.
 [6 <./P13/prims/5.png>] (./HW2.aux) ) 
Here is how much of TeX's memory you used:
 4153 strings out of 494923
 57750 string characters out of 6180741
 151695 words of memory out of 5000000
 7406 multiletter control sequences out of 15000+600000
 5647 words of font info for 23 fonts, out of 8000000 for 9000
 14 hyphenation exceptions out of 8191
 41i,8n,32p,270b,1386s stack positions out of 5000i,500n,10000p,200000b,80000s
</usr/share/texlive/texmf-dist/fonts/type
1/public/amsfonts/cm/cmbx10.pfb></usr/share/texlive/texmf-dist/fonts/type1/publ
ic/amsfonts/cm/cmmi10.pfb></usr/share/texlive/texmf-dist/fonts/type1/public/ams
fonts/cm/cmr10.pfb></usr/share/texlive/texmf-dist/fonts/type1/public/amsfonts/c
m/cmr7.pfb></usr/share/texlive/texmf-dist/fonts/type1/public/amsfonts/cm/cmsy10
.pfb>
Output written on HW2.pdf (6 pages, 293732 bytes).
PDF statistics:
 62 PDF objects out of 1000 (max. 8388607)
 29 compressed objects within 1 object stream
 0 named destinations out of 1000 (max. 500000)
 96 words of extra memory for PDF output out of 10000 (max. 10000000)

